  740  cd ~/cs131/a1
Opening bashrc to add aliases
  741  vim ~/.bashrc
Reloading to add changes
  742  source ~/.bashrc
  743  head -1 2019-01-h1.csv | tr ',' '\n' | nl
Created FARE Directory
  744  mkdir FARE
Trying l and w aliases
  746  l
  747  w
Saving there output to a1.txt
  748  l > a1.txt
  749  w >> a1.txt
Extracting amounts of pickup from 48 to 161
  750  grep ',48.0,161.0,' 2019-01-h1.csv | cut -d',' -f11 > FARE/48-161.txt
Extracting amounts of pickup from 90 to 230
  751  grep ',90.0,230.0,' 2019-01-h1.csv | cut -d',' -f11 > FARE/90-230.txt
  752  cat FARE/48-161.txt
  753  cat FARE/90-230.txt
Computing total fare sum
  754  sum1=$(paste -sd+ FARE/48-161.txt | bc)
  755  sum2=$(paste -sd+ FARE/90-230.txt | bc)
Count the number of fares
  756  count1=$(wc -l < FARE/48-161.txt)
  757  count2=$(wc -l < FARE/90-230.txt)
Calculating the mean for both 
  758  mean1=$(echo "scale=2; $sum1 / $count1" | bc)
  759  mean2=$(echo "scale=2; $sum2 / $count2" | bc) 
Adding mean to a1.txt file
  760  echo "Mean Fare (48-161): $mean1" >> a1.txt
  761  echo "Mean Fare (90-230): $mean2" >> a1.txt
To find highest total amount paid on 10 Jan 2019
  762  grep '2019-01-10' 2019-01-h1.csv | cut -d',' -f17 | sort -nr | head -1 >> a1.txt
top 10 dropoff locations for rides with 3+ passengers
  763  grep ',3,' 2019-01-h1.csv | cut -d',' -f9 | sort | uniq -c | sort -nr | head -10 >> a1.txt
  764  cat a1.txt
  765  vim a1.txt
  766  mv a1.txt a1/
  767  cd ~/cs131
adding the files to github
  768  git add a1/a1.txt
  769  git commit -m "a1.txt"
  770  git push origin main
  771  history > cmds.log
