{\rtf1\ansi\ansicpg1252\cocoartf2818
\cocoatextscaling0\cocoaplatform0{\fonttbl\f0\fnil\fcharset0 HelveticaNeue;}
{\colortbl;\red255\green255\blue255;}
{\*\expandedcolortbl;;}
\margl1440\margr1440\vieww11520\viewh8400\viewkind0
\deftab560
\pard\pardeftab560\partightenfactor0

\f0\fs26 \cf0 Task 1 : sed\
\pard\pardeftab560\slleading20\partightenfactor0
\cf0  1033  cd ~/cs131\
 1034  mkdir -p ws56\
 1035  cd ws56\
 1036  sed -n '/^2.0,/p' ../2019-01-h1.csv > vendor2.csv\
 1037  find ~/ -name "2019-01-h1.csv"\
 1038  mv ~/2019-01-h1.csv ~/cs131/\
 1039  sed -n '/^2.0,/p' ../2019-01-h1.csv > vendor2.csv\
 1040  wc vendor2.csv\
 1041  wc vendor2.csv >> ws56.txt\
 1042  sed 's/[:\\"-]//g' ../2019-01-h1.csv > no-separators.csv\
 1043  head -10 no-separators.csv\
 1044  head -10 no-separators.csv >> ws56.txt\
 1045  sed 's/\\.[0-9]*//g' no-separators.csv > no-fractions.csv\
 1046  head -10 no-fractions.csv\
 1047  head -10 no-fractions.csv >> ws56.txt\
Task 2 : awk\
 1048  awk -F',' '$18 >= 10 \{tips[$14]++\} END \{for (t in tips) print t, tips[t]\}' ../2019-01-h1.csv >> ws56.txt\
 1049  awk -F',' '\{tips[$14]++\} END \{for (t in tips) print t, tips[t]\}' ../2019-01-h1.csv | sort -nr -k2 | head -20 >> ws56.txt\
Task 3 : Saving History\
 1050  history > cmnd.log}